Number of unique sessions: 1699

Unique Sessions for Each Subject:
Subject ID: (70, b'Geodisi'), Unique Sessions: [np.int64(0), np.int64(7), np.int64(35), np.int64(42), np.int64(46), np.int64(49), np.int64(63)]
Subject ID: (70, b'HydroCe'), Unique Sessions: [np.int64(0), np.int64(7), np.int64(10), np.int64(27), np.int64(28), np.int64(31), np.int64(35), np.int64(42), np.int64(49), np.int64(52), np.int64(55), np.int64(63)]
Subject ID: (82, b'HydroCe'), Unique Sessions: [np.int64(0), np.int64(11), np.int64(13), np.int64(14), np.int64(18), np.int64(20), np.int64(32), np.int64(34), np.int64(35), np.int64(39), np.int64(41), np.int64(42), np.int64(45), np.int64(46), np.int64(48), np.int64(53), np.int64(54), np.int64(55), np.int64(56)]
Subject ID: (85, b'Geodisi'), Unique Sessions: [np.int64(0)]
Subject ID: (85, b'HydroCe'), Unique Sessions: [np.int64(0), np.int64(2), np.int64(5), np.int64(6), np.int64(8), np.int64(13), np.int64(15), np.int64(16), np.int64(20), np.int64(21), np.int64(22), np.int64(27), np.int64(28), np.int64(29), np.int64(33), np.int64(34), np.int64(37), np.int64(48)]
Subject ID: (86, b'Geodisi'), Unique Sessions: [np.int64(0), np.int64(7), np.int64(17), np.int64(35), np.int64(38)]
Subject ID: (86, b'HydroCe'), Unique Sessions: [np.int64(0), np.int64(2), np.int64(7), np.int64(9), np.int64(16), np.int64(17), np.int64(27), np.int64(35), np.int64(38), np.int64(45), np.int64(49), np.int64(66), np.int64(76), np.int64(251)]
Subject ID: (96, b'Geodisi'), Unique Sessions: [np.int64(0), np.int64(10), np.int64(17), np.int64(21), np.int64(25), np.int64(32), np.int64(35), np.int64(65), np.int64(155)]
Subject ID: (96, b'HydroCe'), Unique Sessions: [np.int64(0), np.int64(10), np.int64(19), np.int64(21), np.int64(33), np.int64(40), np.int64(47), np.int64(54), np.int64(69)]
Subject ID: (103, b'Geodisi'), Unique Sessions: [np.int64(0), np.int64(195), np.int64(202), np.int64(204), np.int64(226), np.int64(230), np.int64(232), np.int64(244), np.int64(246), np.int64(247)]
Subject ID: (103, b'HydroCe'), Unique Sessions: [np.int64(0), np.int64(2), np.int64(7), np.int64(9), np.int64(10), np.int64(14), np.int64(42), np.int64(43)]
Subject ID: (106, b'Geodisi'), Unique Sessions: [np.int64(0), np.int64(59), np.int64(64), np.int64(65), np.int64(66), np.int64(71), np.int64(85), np.int64(97), np.int64(315), np.int64(1491), np.int64(1494), np.int64(1521), np.int64(1548)]
Subject ID: (106, b'HydroCe'), Unique Sessions: [np.int64(0), np.int64(119), np.int64(120), np.int64(138), np.int64(144), np.int64(145), np.int64(148), np.int64(155), np.int64(167), np.int64(169), np.int64(174), np.int64(176), np.int64(398), np.int64(473), np.int64(1484), np.int64(1546), np.int64(1547), np.int64(1554), np.int64(1555), np.int64(1565), np.int64(1567), np.int64(1572), np.int64(1588), np.int64(1595), np.int64(1596), np.int64(1602), np.int64(1603), np.int64(1615)]
Subject ID: (109, b'Geodisi'), Unique Sessions: [np.int64(0)]
Subject ID: (109, b'HydroCe'), Unique Sessions: [np.int64(0), np.int64(7), np.int64(21), np.int64(28)]
Subject ID: (111, b'Geodisi'), Unique Sessions: [np.int64(0), np.int64(3), np.int64(10), np.int64(17), np.int64(59), np.int64(67)]
Subject ID: (111, b'HydroCe'), Unique Sessions: [np.int64(0), np.int64(3), np.int64(9), np.int64(10), np.int64(22), np.int64(32), np.int64(52), np.int64(53), np.int64(60), np.int64(66), np.int64(74), np.int64(80), np.int64(87)]
Subject ID: (115, b'Geodisi'), Unique Sessions: [np.int64(0), np.int64(5), np.int64(7), np.int64(23), np.int64(63), np.int64(1024), np.int64(1246), np.int64(1301), np.int64(1321), np.int64(1323), np.int64(1328), np.int64(1344), np.int64(1384), np.int64(1407), np.int64(1415)]
Subject ID: (115, b'HydroCe'), Unique Sessions: [np.int64(0), np.int64(227), np.int64(311), np.int64(314), np.int64(318), np.int64(325), np.int64(327), np.int64(334), np.int64(336), np.int64(346), np.int64(350), np.int64(353), np.int64(357), np.int64(371), np.int64(378), np.int64(385), np.int64(474), np.int64(479), np.int64(1608), np.int64(1629), np.int64(1641), np.int64(1676), np.int64(1678), np.int64(1697), np.int64(1711), np.int64(1713)]
Subject ID: (118, b'Geodisi'), Unique Sessions: [np.int64(0), np.int64(14), np.int64(16), np.int64(44), np.int64(48), np.int64(77), np.int64(1017), np.int64(1233)]
Subject ID: (118, b'HydroCe'), Unique Sessions: [np.int64(0), np.int64(3), np.int64(12), np.int64(25), np.int64(26), np.int64(32), np.int64(46), np.int64(47), np.int64(60), np.int64(61), np.int64(63)]
Subject ID: (119, b'Geodisi'), Unique Sessions: [np.int64(0), np.int64(72), np.int64(86), np.int64(96)]
Subject ID: (119, b'HydroCe'), Unique Sessions: [np.int64(0), np.int64(1), np.int64(7), np.int64(26)]
Subject ID: (125, b'Geodisi'), Unique Sessions: [np.int64(0), np.int64(13), np.int64(28), np.int64(35), np.int64(42), np.int64(55), np.int64(56), np.int64(71)]
Subject ID: (125, b'HydroCe'), Unique Sessions: [np.int64(0), np.int64(1), np.int64(21), np.int64(28), np.int64(56), np.int64(57), np.int64(63), np.int64(64), np.int64(66), np.int64(67), np.int64(147)]
Subject ID: (129, b'Geodisi'), Unique Sessions: [np.int64(0), np.int64(5), np.int64(7), np.int64(14)]
Subject ID: (129, b'HydroCe'), Unique Sessions: [np.int64(0)]
Subject ID: (130, b'Geodisi'), Unique Sessions: [np.int64(0), np.int64(11), np.int64(19), np.int64(64), np.int64(104), np.int64(116), np.int64(130), np.int64(132), np.int64(144), np.int64(151), np.int64(160), np.int64(1205)]
Subject ID: (130, b'HydroCe'), Unique Sessions: [np.int64(0), np.int64(1), np.int64(3), np.int64(10), np.int64(43), np.int64(123), np.int64(135)]
Subject ID: (131, b'Geodisi'), Unique Sessions: [np.int64(0), np.int64(99), np.int64(106), np.int64(113), np.int64(119), np.int64(142), np.int64(150), np.int64(162), np.int64(163)]
Subject ID: (131, b'HydroCe'), Unique Sessions: [np.int64(0), np.int64(6), np.int64(28), np.int64(35), np.int64(37), np.int64(41), np.int64(48), np.int64(57), np.int64(63), np.int64(69)]
Subject ID: (136, b'Geodisi'), Unique Sessions: [np.int64(0), np.int64(234), np.int64(248), np.int64(287), np.int64(297), np.int64(300)]
Subject ID: (136, b'HydroCe'), Unique Sessions: [np.int64(0), np.int64(22), np.int64(26), np.int64(29), np.int64(35), np.int64(41), np.int64(50), np.int64(61), np.int64(62), np.int64(63), np.int64(64), np.int64(69), np.int64(146)]
Subject ID: (145, b'Geodisi'), Unique Sessions: [np.int64(0), np.int64(7), np.int64(12), np.int64(17), np.int64(19), np.int64(21), np.int64(31), np.int64(33), np.int64(40)]
Subject ID: (145, b'HydroCe'), Unique Sessions: [np.int64(0), np.int64(2), np.int64(13), np.int64(19), np.int64(33), np.int64(35), np.int64(43), np.int64(47), np.int64(48), np.int64(1216)]
Subject ID: (156, b'HydroCe'), Unique Sessions: [np.int64(0), np.int64(4), np.int64(5), np.int64(8), np.int64(12), np.int64(14)]
Subject ID: (159, b'Geodisi'), Unique Sessions: [np.int64(0), np.int64(2), np.int64(7), np.int64(16), np.int64(19), np.int64(23), np.int64(26), np.int64(48), np.int64(51), np.int64(57), np.int64(58)]
Subject ID: (159, b'HydroCe'), Unique Sessions: [np.int64(0), np.int64(14), np.int64(19), np.int64(35), np.int64(41), np.int64(42), np.int64(45), np.int64(46)]
Subject ID: (167, b'Geodisi'), Unique Sessions: [np.int64(0), np.int64(17)]
Subject ID: (169, b'HydroCe'), Unique Sessions: [np.int64(0), np.int64(6), np.int64(7), np.int64(9), np.int64(13), np.int64(14)]
Subject ID: (173, b'HydroCe'), Unique Sessions: [np.int64(0), np.int64(5), np.int64(6), np.int64(25), np.int64(27), np.int64(40)]
Subject ID: (174, b'Geodisi'), Unique Sessions: [np.int64(0), np.int64(1), np.int64(2), np.int64(3), np.int64(11), np.int64(15), np.int64(43), np.int64(49), np.int64(53)]
Subject ID: (174, b'HydroCe'), Unique Sessions: [np.int64(0), np.int64(5), np.int64(29), np.int64(30), np.int64(33), np.int64(35), np.int64(37), np.int64(42), np.int64(47), np.int64(48)]
Subject ID: (175, b'HydroCe'), Unique Sessions: [np.int64(0), np.int64(2), np.int64(10), np.int64(11), np.int64(17), np.int64(21)]
Subject ID: (176, b'HydroCe'), Unique Sessions: [np.int64(0), np.int64(3), np.int64(6), np.int64(12), np.int64(14), np.int64(18)]
Subject ID: (181, b'HydroCe'), Unique Sessions: [np.int64(0), np.int64(2), np.int64(6), np.int64(9), np.int64(12)]
Subject ID: (183, b'Geodisi'), Unique Sessions: [np.int64(0), np.int64(1)]
Subject ID: (183, b'HydroCe'), Unique Sessions: [np.int64(0), np.int64(6), np.int64(13), np.int64(14)]
Subject ID: (184, b'Geodisi'), Unique Sessions: [np.int64(0), np.int64(14), np.int64(24), np.int64(25), np.int64(38), np.int64(54), np.int64(56), np.int64(82), np.int64(91), np.int64(102)]
Subject ID: (184, b'HydroCe'), Unique Sessions: [np.int64(0), np.int64(6), np.int64(48), np.int64(83), np.int64(90), np.int64(91), np.int64(94), np.int64(97), np.int64(100)]
Subject ID: (187, b'Geodisi'), Unique Sessions: [np.int64(0), np.int64(24), np.int64(71)]
Subject ID: (187, b'HydroCe'), Unique Sessions: [np.int64(0), np.int64(7), np.int64(14), np.int64(21), np.int64(28), np.int64(35), np.int64(38), np.int64(39), np.int64(49), np.int64(56), np.int64(70), np.int64(74), np.int64(76), np.int64(83), np.int64(84), np.int64(90), np.int64(1113), np.int64(1123), np.int64(1126), np.int64(1130), np.int64(1138), np.int64(1139), np.int64(1161), np.int64(1186), np.int64(1193), np.int64(1194), np.int64(1196), np.int64(1260), np.int64(1262)]
Subject ID: (191, b'Geodisi'), Unique Sessions: [np.int64(0), np.int64(7), np.int64(8), np.int64(22), np.int64(40), np.int64(47), np.int64(54), np.int64(55), np.int64(62), np.int64(70)]
Subject ID: (191, b'HydroCe'), Unique Sessions: [np.int64(0), np.int64(6), np.int64(11), np.int64(13), np.int64(27), np.int64(35), np.int64(54), np.int64(60), np.int64(62)]
Subject ID: (192, b'Geodisi'), Unique Sessions: [np.int64(0), np.int64(7), np.int64(21), np.int64(28), np.int64(35), np.int64(38), np.int64(41), np.int64(44), np.int64(59), np.int64(80)]
Subject ID: (192, b'HydroCe'), Unique Sessions: [np.int64(0), np.int64(18), np.int64(26), np.int64(27), np.int64(55), np.int64(67), np.int64(70), np.int64(82), np.int64(83)]
Subject ID: (194, b'Geodisi'), Unique Sessions: [np.int64(0), np.int64(6), np.int64(8), np.int64(28), np.int64(34), np.int64(78)]
Subject ID: (194, b'HydroCe'), Unique Sessions: [np.int64(0), np.int64(7), np.int64(20), np.int64(25), np.int64(27), np.int64(34), np.int64(35), np.int64(40), np.int64(48), np.int64(60), np.int64(63), np.int64(67), np.int64(84)]
Subject ID: (197, b'Geodisi'), Unique Sessions: [np.int64(0), np.int64(16), np.int64(57), np.int64(64), np.int64(67), np.int64(80)]
Subject ID: (197, b'HydroCe'), Unique Sessions: [np.int64(0), np.int64(7), np.int64(15), np.int64(21), np.int64(40), np.int64(43), np.int64(47), np.int64(62), np.int64(63), np.int64(77), np.int64(82), np.int64(85), np.int64(90)]
Subject ID: (199, b'Geodisi'), Unique Sessions: [np.int64(0), np.int64(21), np.int64(35), np.int64(36), np.int64(40), np.int64(43)]
Subject ID: (199, b'HydroCe'), Unique Sessions: [np.int64(0), np.int64(2), np.int64(8), np.int64(10), np.int64(15), np.int64(16), np.int64(17), np.int64(45), np.int64(51), np.int64(52), np.int64(72), np.int64(79), np.int64(81)]
Subject ID: (201, b'Geodisi'), Unique Sessions: [np.int64(0), np.int64(4), np.int64(6), np.int64(7), np.int64(13), np.int64(21), np.int64(26), np.int64(35), np.int64(38), np.int64(48)]
Subject ID: (201, b'HydroCe'), Unique Sessions: [np.int64(0), np.int64(3), np.int64(6), np.int64(9), np.int64(13), np.int64(16), np.int64(17), np.int64(43), np.int64(45)]
Subject ID: (203, b'HydroCe'), Unique Sessions: [np.int64(0), np.int64(1), np.int64(17), np.int64(21), np.int64(23), np.int64(28)]
Subject ID: (206, b'HydroCe'), Unique Sessions: [np.int64(0), np.int64(6), np.int64(12), np.int64(14), np.int64(17), np.int64(20)]
Subject ID: (207, b'Geodisi'), Unique Sessions: [np.int64(0), np.int64(27), np.int64(49), np.int64(50), np.int64(68), np.int64(70), np.int64(82), np.int64(690), np.int64(695), np.int64(722), np.int64(750)]
Subject ID: (207, b'HydroCe'), Unique Sessions: [np.int64(0), np.int64(6), np.int64(17), np.int64(35), np.int64(36), np.int64(49), np.int64(56), np.int64(58), np.int64(62), np.int64(64), np.int64(70), np.int64(91), np.int64(668), np.int64(672), np.int64(674), np.int64(681), np.int64(686), np.int64(689), np.int64(692), np.int64(693), np.int64(695), np.int64(699), np.int64(707), np.int64(709), np.int64(710), np.int64(716), np.int64(728), np.int64(730), np.int64(735), np.int64(749)]
Subject ID: (214, b'Geodisi'), Unique Sessions: [np.int64(0), np.int64(1), np.int64(23), np.int64(36), np.int64(37), np.int64(49), np.int64(55), np.int64(57), np.int64(62), np.int64(64), np.int64(278)]
Subject ID: (214, b'HydroCe'), Unique Sessions: [np.int64(0), np.int64(19), np.int64(33), np.int64(35), np.int64(45), np.int64(49), np.int64(75)]
Subject ID: (216, b'Geodisi'), Unique Sessions: [np.int64(0), np.int64(27)]
Subject ID: (216, b'HydroCe'), Unique Sessions: [np.int64(0), np.int64(10), np.int64(14), np.int64(21)]
Subject ID: (217, b'Geodisi'), Unique Sessions: [np.int64(0)]
Subject ID: (217, b'HydroCe'), Unique Sessions: [np.int64(0), np.int64(2), np.int64(7), np.int64(9), np.int64(11)]
Subject ID: (219, b'Geodisi'), Unique Sessions: [np.int64(0)]
Subject ID: (219, b'HydroCe'), Unique Sessions: [np.int64(0), np.int64(6), np.int64(7), np.int64(277)]
Subject ID: (221, b'HydroCe'), Unique Sessions: [np.int64(0), np.int64(9), np.int64(16), np.int64(29), np.int64(36)]
Subject ID: (225, b'Geodisi'), Unique Sessions: [np.int64(0), np.int64(24), np.int64(25)]
Subject ID: (225, b'HydroCe'), Unique Sessions: [np.int64(0), np.int64(12), np.int64(13)]
Subject ID: (230, b'Geodisi'), Unique Sessions: [np.int64(0), np.int64(7)]
Subject ID: (230, b'HydroCe'), Unique Sessions: [np.int64(0), np.int64(3), np.int64(10), np.int64(17)]
Subject ID: (231, b'Geodisi'), Unique Sessions: [np.int64(0), np.int64(9), np.int64(14), np.int64(26), np.int64(30), np.int64(48), np.int64(51), np.int64(58)]
Subject ID: (231, b'HydroCe'), Unique Sessions: [np.int64(0), np.int64(7), np.int64(21), np.int64(28), np.int64(33), np.int64(40), np.int64(47), np.int64(49), np.int64(54), np.int64(66), np.int64(67)]
Subject ID: (233, b'Geodisi'), Unique Sessions: [np.int64(0), np.int64(1), np.int64(17), np.int64(24), np.int64(38), np.int64(42), np.int64(43), np.int64(53)]
Subject ID: (233, b'HydroCe'), Unique Sessions: [np.int64(0), np.int64(2), np.int64(10), np.int64(23), np.int64(41), np.int64(42), np.int64(44), np.int64(48), np.int64(49), np.int64(51), np.int64(52)]
Subject ID: (236, b'Geodisi'), Unique Sessions: [np.int64(0), np.int64(7), np.int64(12), np.int64(19), np.int64(26), np.int64(27), np.int64(34), np.int64(49), np.int64(55), np.int64(63)]
Subject ID: (236, b'HydroCe'), Unique Sessions: [np.int64(0), np.int64(7), np.int64(14), np.int64(27), np.int64(34), np.int64(41), np.int64(42), np.int64(48), np.int64(56), np.int64(834), np.int64(837), np.int64(838), np.int64(841), np.int64(844), np.int64(845), np.int64(846), np.int64(848), np.int64(851), np.int64(852), np.int64(853), np.int64(855), np.int64(858), np.int64(859), np.int64(862), np.int64(865), np.int64(866), np.int64(869), np.int64(872), np.int64(873), np.int64(876), np.int64(879), np.int64(880)]
Subject ID: (245, b'Geodisi'), Unique Sessions: [np.int64(0), np.int64(13), np.int64(14), np.int64(21), np.int64(28), np.int64(35)]
Subject ID: (249, b'Geodisi'), Unique Sessions: [np.int64(0), np.int64(1), np.int64(4), np.int64(11), np.int64(15), np.int64(18), np.int64(25), np.int64(29), np.int64(32), np.int64(33), np.int64(497), np.int64(498), np.int64(501), np.int64(502), np.int64(510), np.int64(525), np.int64(529), np.int64(532), np.int64(540), np.int64(543), np.int64(544), np.int64(547), np.int64(553), np.int64(564)]
Subject ID: (249, b'HydroCe'), Unique Sessions: [np.int64(0), np.int64(3), np.int64(7), np.int64(10), np.int64(14), np.int64(17), np.int64(21), np.int64(26), np.int64(28), np.int64(460), np.int64(469), np.int64(472), np.int64(495), np.int64(500), np.int64(509), np.int64(521), np.int64(522), np.int64(523)]
Subject ID: (250, b'Geodisi'), Unique Sessions: [np.int64(0), np.int64(4), np.int64(7), np.int64(11), np.int64(14), np.int64(19), np.int64(21), np.int64(22), np.int64(26), np.int64(28), np.int64(29), np.int64(46), np.int64(49), np.int64(55)]
Subject ID: (250, b'HydroCe'), Unique Sessions: [np.int64(0), np.int64(3), np.int64(14), np.int64(17), np.int64(21), np.int64(694), np.int64(701), np.int64(703), np.int64(708), np.int64(710), np.int64(715), np.int64(717), np.int64(722), np.int64(724), np.int64(725), np.int64(736), np.int64(738), np.int64(743), np.int64(745), np.int64(750), np.int64(757), np.int64(764), np.int64(766), np.int64(773), np.int64(778), np.int64(779), np.int64(785)]
Subject ID: (251, b'Geodisi'), Unique Sessions: [np.int64(0), np.int64(3), np.int64(7), np.int64(10), np.int64(14), np.int64(17), np.int64(32), np.int64(38), np.int64(43), np.int64(50)]
Subject ID: (251, b'HydroCe'), Unique Sessions: [np.int64(0), np.int64(1), np.int64(4), np.int64(7), np.int64(18), np.int64(21), np.int64(25), np.int64(28), np.int64(694), np.int64(700), np.int64(701), np.int64(708), np.int64(715), np.int64(722), np.int64(729), np.int64(736), np.int64(743), np.int64(750), np.int64(764), np.int64(785), np.int64(789), np.int64(790), np.int64(792), np.int64(795), np.int64(799), np.int64(805), np.int64(811), np.int64(813), np.int64(817), np.int64(819), np.int64(820)]
Subject ID: (257, b'Geodisi'), Unique Sessions: [np.int64(0)]
Subject ID: (257, b'HydroCe'), Unique Sessions: [np.int64(0), np.int64(4), np.int64(7), np.int64(11), np.int64(27)]
Subject ID: (260, b'BioSemi'), Unique Sessions: [np.int64(0), np.int64(4), np.int64(5), np.int64(14), np.int64(18), np.int64(21), np.int64(28), np.int64(35)]
Subject ID: (260, b'HydroCe'), Unique Sessions: [np.int64(0), np.int64(7), np.int64(15), np.int64(16), np.int64(23), np.int64(24), np.int64(36), np.int64(37), np.int64(38), np.int64(42), np.int64(49), np.int64(51), np.int64(52), np.int64(53), np.int64(57), np.int64(58), np.int64(59), np.int64(64), np.int64(365), np.int64(366), np.int64(367), np.int64(368), np.int64(371), np.int64(372), np.int64(373), np.int64(374), np.int64(375), np.int64(378), np.int64(381), np.int64(385), np.int64(386), np.int64(387), np.int64(388), np.int64(389), np.int64(393), np.int64(394), np.int64(395), np.int64(396), np.int64(399), np.int64(400), np.int64(401)]
Subject ID: (261, b'Geodisi'), Unique Sessions: [np.int64(0), np.int64(11), np.int64(14), np.int64(17), np.int64(26), np.int64(31)]
Subject ID: (261, b'HydroCe'), Unique Sessions: [np.int64(0), np.int64(1), np.int64(7), np.int64(41)]
Subject ID: (262, b'HydroCe'), Unique Sessions: [np.int64(0), np.int64(1), np.int64(2), np.int64(7), np.int64(8), np.int64(9)]
Subject ID: (265, b'Geodisi'), Unique Sessions: [np.int64(0), np.int64(5), np.int64(289), np.int64(292), np.int64(299), np.int64(300), np.int64(302), np.int64(306), np.int64(307), np.int64(309), np.int64(313), np.int64(314), np.int64(315), np.int64(316), np.int64(321)]
Subject ID: (265, b'HydroCe'), Unique Sessions: [np.int64(0), np.int64(1), np.int64(11), np.int64(15), np.int64(18), np.int64(21), np.int64(26), np.int64(28), np.int64(32), np.int64(33), np.int64(35), np.int64(40), np.int64(42), np.int64(47), np.int64(50), np.int64(320), np.int64(322), np.int64(323), np.int64(326), np.int64(327), np.int64(329), np.int64(334), np.int64(335), np.int64(344), np.int64(351)]
Subject ID: (268, b'Geodisi'), Unique Sessions: [np.int64(0), np.int64(3), np.int64(7), np.int64(10), np.int64(17), np.int64(28), np.int64(35), np.int64(45), np.int64(59), np.int64(63), np.int64(78), np.int64(87), np.int64(97)]
Subject ID: (268, b'HydroCe'), Unique Sessions: [np.int64(0), np.int64(7), np.int64(35), np.int64(38), np.int64(44), np.int64(56)]
Subject ID: (270, b'Geodisi'), Unique Sessions: [np.int64(0), np.int64(21), np.int64(30), np.int64(44), np.int64(51), np.int64(63)]
Subject ID: (270, b'HydroCe'), Unique Sessions: [np.int64(0), np.int64(9), np.int64(14), np.int64(29), np.int64(36), np.int64(42), np.int64(47), np.int64(63), np.int64(64), np.int64(69), np.int64(75), np.int64(77), np.int64(86)]
Subject ID: (277, b'Geodisi'), Unique Sessions: [np.int64(0), np.int64(12), np.int64(19), np.int64(21), np.int64(35), np.int64(49), np.int64(56), np.int64(68)]
Subject ID: (277, b'HydroCe'), Unique Sessions: [np.int64(0), np.int64(308), np.int64(348), np.int64(371), np.int64(376)]
Subject ID: (281, b'Geodisi'), Unique Sessions: [np.int64(0), np.int64(11), np.int64(68), np.int64(95), np.int64(109), np.int64(130), np.int64(158), np.int64(172), np.int64(193), np.int64(202)]
Subject ID: (281, b'HydroCe'), Unique Sessions: [np.int64(0), np.int64(19), np.int64(20), np.int64(21), np.int64(25), np.int64(54), np.int64(68), np.int64(110), np.int64(298)]
Subject ID: (282, b'Geodisi'), Unique Sessions: [np.int64(0), np.int64(1)]
Subject ID: (282, b'HydroCe'), Unique Sessions: [np.int64(0), np.int64(1), np.int64(5)]
Subject ID: (284, b'Geodisi'), Unique Sessions: [np.int64(0), np.int64(22), np.int64(35), np.int64(50), np.int64(57), np.int64(75), np.int64(77)]
Subject ID: (284, b'HydroCe'), Unique Sessions: [np.int64(0), np.int64(7), np.int64(8), np.int64(15), np.int64(16), np.int64(22), np.int64(43), np.int64(50), np.int64(57), np.int64(64), np.int64(65), np.int64(80)]
Subject ID: (286, b'Geodisi'), Unique Sessions: [np.int64(0), np.int64(1288), np.int64(1291), np.int64(1302), np.int64(1305), np.int64(1309), np.int64(1330), np.int64(1337), np.int64(1340), np.int64(1347), np.int64(1351), np.int64(1354), np.int64(1358), np.int64(1372), np.int64(1375)]
Subject ID: (286, b'HydroCe'), Unique Sessions: [np.int64(0), np.int64(17), np.int64(70), np.int64(73)]
Subject ID: (291, b'Geodisi'), Unique Sessions: [np.int64(0), np.int64(1), np.int64(6), np.int64(7), np.int64(8), np.int64(14), np.int64(27), np.int64(28), np.int64(29), np.int64(35), np.int64(48)]
Subject ID: (291, b'HydroCe'), Unique Sessions: [np.int64(0), np.int64(6), np.int64(20), np.int64(22), np.int64(43), np.int64(47), np.int64(48), np.int64(57)]
Subject ID: (296, b'HydroCe'), Unique Sessions: [np.int64(0), np.int64(1), np.int64(5), np.int64(7), np.int64(12), np.int64(14), np.int64(15), np.int64(19), np.int64(21), np.int64(26), np.int64(28), np.int64(54), np.int64(56), np.int64(57), np.int64(58), np.int64(68), np.int64(69), np.int64(71), np.int64(72), np.int64(75), np.int64(77), np.int64(78), np.int64(79)]
Subject ID: (299, b'HydroCe'), Unique Sessions: [np.int64(0), np.int64(5), np.int64(6), np.int64(12), np.int64(13), np.int64(14), np.int64(21), np.int64(22), np.int64(27), np.int64(40), np.int64(41), np.int64(42), np.int64(47), np.int64(48), np.int64(55), np.int64(56), np.int64(63), np.int64(68), np.int64(70), np.int64(100), np.int64(130), np.int64(134)]
Subject ID: (301, b'HydroCe'), Unique Sessions: [np.int64(0), np.int64(5), np.int64(6), np.int64(7), np.int64(11), np.int64(12), np.int64(14), np.int64(18), np.int64(25), np.int64(29), np.int64(34), np.int64(36), np.int64(42), np.int64(43), np.int64(48), np.int64(54), np.int64(55), np.int64(60), np.int64(61), np.int64(62), np.int64(63), np.int64(64), np.int64(67)]
Subject ID: (303, b'HydroCe'), Unique Sessions: [np.int64(0), np.int64(2), np.int64(5), np.int64(6), np.int64(7), np.int64(8), np.int64(9), np.int64(14), np.int64(15), np.int64(16), np.int64(19), np.int64(20), np.int64(21), np.int64(22), np.int64(23), np.int64(26), np.int64(27), np.int64(29), np.int64(30), np.int64(33), np.int64(36)]
Subject ID: (306, b'HydroCe'), Unique Sessions: [np.int64(0), np.int64(4), np.int64(5), np.int64(8), np.int64(15), np.int64(22), np.int64(26), np.int64(33), np.int64(40), np.int64(43), np.int64(47), np.int64(54), np.int64(57), np.int64(68), np.int64(75), np.int64(78), np.int64(82), np.int64(89), np.int64(92), np.int64(96), np.int64(103), np.int64(106), np.int64(110)]
Subject ID: (310, b'HydroCe'), Unique Sessions: [np.int64(0), np.int64(4), np.int64(6), np.int64(20), np.int64(21), np.int64(25), np.int64(27), np.int64(28), np.int64(34), np.int64(35), np.int64(39), np.int64(41), np.int64(46), np.int64(48), np.int64(49), np.int64(53), np.int64(55), np.int64(60), np.int64(62), np.int64(63), np.int64(68), np.int64(74), np.int64(76)]
Subject ID: (314, b'HydroCe'), Unique Sessions: [np.int64(0), np.int64(5), np.int64(7), np.int64(12), np.int64(14), np.int64(16)]
Subject ID: (322, b'HydroCe'), Unique Sessions: [np.int64(0), np.int64(4), np.int64(5), np.int64(6), np.int64(11), np.int64(12), np.int64(13), np.int64(18), np.int64(19), np.int64(20), np.int64(25), np.int64(26), np.int64(33), np.int64(39), np.int64(41), np.int64(46), np.int64(47), np.int64(48), np.int64(54), np.int64(55), np.int64(56)]
Subject ID: (325, b'HydroCe'), Unique Sessions: [np.int64(0), np.int64(1), np.int64(4), np.int64(5), np.int64(12), np.int64(13), np.int64(14), np.int64(15), np.int64(18), np.int64(19), np.int64(26), np.int64(27), np.int64(28), np.int64(32), np.int64(33), np.int64(34), np.int64(35), np.int64(36), np.int64(39), np.int64(41), np.int64(42), np.int64(43)]
Subject ID: (332, b'BioSemi'), Unique Sessions: [np.int64(0), np.int64(6), np.int64(8)]
Subject ID: (332, b'HydroCe'), Unique Sessions: [np.int64(0)]
Subject ID: (336, b'BioSemi'), Unique Sessions: [np.int64(0), np.int64(2), np.int64(35), np.int64(36), np.int64(72), np.int64(77), np.int64(79), np.int64(97), np.int64(99), np.int64(105), np.int64(106), np.int64(114), np.int64(121), np.int64(122), np.int64(123), np.int64(126), np.int64(135), np.int64(136), np.int64(138), np.int64(140), np.int64(141), np.int64(146), np.int64(149)]
Subject ID: (342, b'BioSemi'), Unique Sessions: [np.int64(0), np.int64(5), np.int64(7), np.int64(9), np.int64(12), np.int64(14), np.int64(19), np.int64(21), np.int64(23), np.int64(26), np.int64(30), np.int64(33), np.int64(37), np.int64(47), np.int64(51), np.int64(54), np.int64(56), np.int64(58), np.int64(61), np.int64(63), np.int64(65), np.int64(68), np.int64(70)]
Subject ID: (348, b'BioSemi'), Unique Sessions: [np.int64(0), np.int64(3), np.int64(5), np.int64(7), np.int64(12), np.int64(14), np.int64(19), np.int64(21), np.int64(26), np.int64(27), np.int64(28), np.int64(42), np.int64(47), np.int64(49), np.int64(54), np.int64(61), np.int64(63), np.int64(68), np.int64(70), np.int64(75), np.int64(77), np.int64(82), np.int64(84)]
Subject ID: (354, b'BioSemi'), Unique Sessions: [np.int64(0), np.int64(5), np.int64(12), np.int64(14), np.int64(20), np.int64(26), np.int64(27), np.int64(28), np.int64(29), np.int64(30), np.int64(31), np.int64(32), np.int64(33), np.int64(34), np.int64(35), np.int64(36), np.int64(39), np.int64(40), np.int64(42), np.int64(43), np.int64(46), np.int64(448), np.int64(449)]
Subject ID: (357, b'BioSemi'), Unique Sessions: [np.int64(0), np.int64(1), np.int64(4), np.int64(7), np.int64(8), np.int64(11), np.int64(14), np.int64(15), np.int64(19), np.int64(20), np.int64(22), np.int64(25), np.int64(33), np.int64(35), np.int64(36), np.int64(39), np.int64(40), np.int64(41), np.int64(42), np.int64(43), np.int64(46), np.int64(47)]
Subject ID: (364, b'BioSemi'), Unique Sessions: [np.int64(0), np.int64(3), np.int64(4), np.int64(5), np.int64(7), np.int64(10), np.int64(11), np.int64(13), np.int64(14), np.int64(20), np.int64(39), np.int64(46), np.int64(48), np.int64(52), np.int64(54), np.int64(55), np.int64(56), np.int64(59), np.int64(60), np.int64(61), np.int64(62), np.int64(63)]
Subject ID: (365, b'BioSemi'), Unique Sessions: [np.int64(0), np.int64(5), np.int64(7), np.int64(9), np.int64(12), np.int64(14), np.int64(16), np.int64(19), np.int64(21), np.int64(22), np.int64(23), np.int64(26), np.int64(27), np.int64(28), np.int64(30), np.int64(35), np.int64(37), np.int64(40), np.int64(41), np.int64(42), np.int64(43), np.int64(490), np.int64(492), np.int64(497), np.int64(499), np.int64(504), np.int64(506), np.int64(511), np.int64(513), np.int64(518)]
Subject ID: (373, b'BioSemi'), Unique Sessions: [np.int64(0), np.int64(1), np.int64(10), np.int64(11), np.int64(15), np.int64(18), np.int64(21), np.int64(22), np.int64(25), np.int64(28), np.int64(32), np.int64(36), np.int64(37), np.int64(42), np.int64(43), np.int64(44), np.int64(46), np.int64(49), np.int64(50), np.int64(56), np.int64(57), np.int64(60), np.int64(67)]
Subject ID: (374, b'BioSemi'), Unique Sessions: [np.int64(0), np.int64(5), np.int64(6), np.int64(7), np.int64(14), np.int64(26), np.int64(28), np.int64(31), np.int64(34), np.int64(35), np.int64(38), np.int64(40), np.int64(41), np.int64(42), np.int64(45), np.int64(47), np.int64(48), np.int64(49), np.int64(55), np.int64(56)]
Subject ID: (384, b'BioSemi'), Unique Sessions: [np.int64(0), np.int64(6), np.int64(7), np.int64(13), np.int64(14)]
Subject ID: (385, b'BioSemi'), Unique Sessions: [np.int64(0), np.int64(2), np.int64(6), np.int64(7), np.int64(13), np.int64(14), np.int64(20), np.int64(21), np.int64(23), np.int64(27), np.int64(34), np.int64(37), np.int64(41), np.int64(43), np.int64(44), np.int64(48), np.int64(49), np.int64(55), np.int64(70), np.int64(76), np.int64(77), np.int64(84)]
Subject ID: (387, b'BioSemi'), Unique Sessions: [np.int64(0), np.int64(5), np.int64(12), np.int64(14), np.int64(21), np.int64(22), np.int64(26), np.int64(39), np.int64(40), np.int64(42), np.int64(46), np.int64(47), np.int64(49), np.int64(53), np.int64(54), np.int64(56), np.int64(60), np.int64(63), np.int64(67), np.int64(68), np.int64(70), np.int64(75), np.int64(77)]
Subject ID: (402, b'BioSemi'), Unique Sessions: [np.int64(0), np.int64(1), np.int64(5), np.int64(11), np.int64(12), np.int64(18), np.int64(19), np.int64(20), np.int64(22)]
Subject ID: (404, b'BioSemi'), Unique Sessions: [np.int64(0), np.int64(2), np.int64(5), np.int64(8), np.int64(9), np.int64(12), np.int64(15), np.int64(16)]
Subject ID: (407, b'BioSemi'), Unique Sessions: [np.int64(0), np.int64(2), np.int64(6), np.int64(7), np.int64(9), np.int64(13), np.int64(14), np.int64(20), np.int64(22)]
Subject ID: (413, b'BioSemi'), Unique Sessions: [np.int64(0), np.int64(3), np.int64(5), np.int64(6), np.int64(10), np.int64(11), np.int64(12), np.int64(14), np.int64(17)]
Subject ID: (414, b'BioSemi'), Unique Sessions: [np.int64(0), np.int64(1), np.int64(3), np.int64(7), np.int64(8), np.int64(10), np.int64(13), np.int64(14), np.int64(16)]
Subject ID: (415, b'BioSemi'), Unique Sessions: [np.int64(0), np.int64(1), np.int64(2), np.int64(3), np.int64(4), np.int64(9), np.int64(11), np.int64(15), np.int64(16)]
Subject ID: (418, b'BioSemi'), Unique Sessions: [np.int64(0), np.int64(2), np.int64(3), np.int64(8), np.int64(11), np.int64(14), np.int64(30), np.int64(31), np.int64(32)]
Subject ID: (419, b'BioSemi'), Unique Sessions: [np.int64(0), np.int64(1), np.int64(2), np.int64(9), np.int64(13), np.int64(14), np.int64(21), np.int64(34), np.int64(41)]
Subject ID: (422, b'BioSemi'), Unique Sessions: [np.int64(0), np.int64(3), np.int64(7), np.int64(14), np.int64(24), np.int64(34), np.int64(35), np.int64(42)]
Subject ID: (423, b'BioSemi'), Unique Sessions: [np.int64(0), np.int64(3), np.int64(6), np.int64(7), np.int64(10), np.int64(13), np.int64(14), np.int64(17), np.int64(20)]
Subject ID: (433, b'BioSemi'), Unique Sessions: [np.int64(0), np.int64(4), np.int64(7), np.int64(14), np.int64(21), np.int64(25), np.int64(32)]
Subject ID: (436, b'BioSemi'), Unique Sessions: [np.int64(0), np.int64(4), np.int64(6), np.int64(7), np.int64(11), np.int64(13), np.int64(14), np.int64(18)]
